<?xml version="1.0" encoding="UTF-8"?>
<testng-results skipped="0" failed="0" ignored="0" total="1" passed="1">
  <reporter-output>
  </reporter-output>
  <suite name="Suite" duration-ms="6465" started-at="2019-05-11T04:40:12Z" finished-at="2019-05-11T04:40:19Z">
    <groups>
    </groups>
    <test name="Test" duration-ms="6465" started-at="2019-05-11T04:40:12Z" finished-at="2019-05-11T04:40:19Z">
      <class name="com.maven.git.jenkins.test_01">
        <test-method status="PASS" signature="run()[pri:0, instance:com.maven.git.jenkins.test_01@475530b9]" name="run" duration-ms="6404" started-at="2019-05-11T04:40:12Z" finished-at="2019-05-11T04:40:19Z">
          <reporter-output>
          </reporter-output>
        </test-method> <!-- run -->
      </class> <!-- com.maven.git.jenkins.test_01 -->
    </test> <!-- Test -->
  </suite> <!-- Suite -->
</testng-results>
